0 info it worked if it ends with ok
1 verbose cli [ 'C:\\Program Files\\nodejs\\\\node.exe',
1 verbose cli   'C:\\Program Files\\nodejs\\node_modules\\npm\\bin\\npm-cli.js',
1 verbose cli   'install' ]
2 info using npm@1.4.28
3 info using node@v0.10.36
4 verbose node symlink C:\Program Files\nodejs\\node.exe
5 warn package.json DVP-APPRegistry@1.0.0 No description
6 warn package.json DVP-APPRegistry@1.0.0 No README data
7 verbose readDependencies using package.json deps
8 verbose install where, deps [ 'D:\\My Projects\\DVP\\DVP-APPRegistry',
8 verbose install   [ 'cors',
8 verbose install     'config',
8 verbose install     'DVP-Common',
8 verbose install     'DVP-DBModels',
8 verbose install     'http',
8 verbose install     'open',
8 verbose install     'stringify',
8 verbose install     'node-uuid',
8 verbose install     'restify' ] ]
9 info preinstall DVP-APPRegistry@1.0.0
10 warn package.json DVP-DBModels@0.0.0 No description
11 warn package.json http@0.0.0 http is also the name of a node core module.
12 warn package.json http@0.0.0 No description
13 warn package.json http@0.0.0 No repository field.
14 warn package.json http@0.0.0 No README data
15 verbose readDependencies using package.json deps
16 verbose already installed skipping cors@^2.6.0 D:\My Projects\DVP\DVP-APPRegistry
17 verbose already installed skipping config@^1.13.0 D:\My Projects\DVP\DVP-APPRegistry
18 verbose cache add [ 'DVP-Common@git+https://github.com/DuoSoftware/DVP-Common',
18 verbose cache add   null ]
19 verbose cache add name=undefined spec="DVP-Common@git+https://github.com/DuoSoftware/DVP-Common" args=["DVP-Common@git+https://github.com/DuoSoftware/DVP-Common",null]
20 verbose parsed url { protocol: null,
20 verbose parsed url   slashes: null,
20 verbose parsed url   auth: null,
20 verbose parsed url   host: null,
20 verbose parsed url   port: null,
20 verbose parsed url   hostname: null,
20 verbose parsed url   hash: null,
20 verbose parsed url   search: null,
20 verbose parsed url   query: null,
20 verbose parsed url   pathname: 'DVP-Common@git+https://github.com/DuoSoftware/DVP-Common',
20 verbose parsed url   path: 'DVP-Common@git+https://github.com/DuoSoftware/DVP-Common',
20 verbose parsed url   href: 'DVP-Common@git+https://github.com/DuoSoftware/DVP-Common' }
21 verbose cache add [ 'DVP-DBModels@git+https://github.com/DuoSoftware/DVP-DBModels',
21 verbose cache add   null ]
22 verbose cache add name=undefined spec="DVP-DBModels@git+https://github.com/DuoSoftware/DVP-DBModels" args=["DVP-DBModels@git+https://github.com/DuoSoftware/DVP-DBModels",null]
23 verbose parsed url { protocol: null,
23 verbose parsed url   slashes: null,
23 verbose parsed url   auth: null,
23 verbose parsed url   host: null,
23 verbose parsed url   port: null,
23 verbose parsed url   hostname: null,
23 verbose parsed url   hash: null,
23 verbose parsed url   search: null,
23 verbose parsed url   query: null,
23 verbose parsed url   pathname: 'DVP-DBModels@git+https://github.com/DuoSoftware/DVP-DBModels',
23 verbose parsed url   path: 'DVP-DBModels@git+https://github.com/DuoSoftware/DVP-DBModels',
23 verbose parsed url   href: 'DVP-DBModels@git+https://github.com/DuoSoftware/DVP-DBModels' }
24 verbose already installed skipping http@^0.0.0 D:\My Projects\DVP\DVP-APPRegistry
25 verbose already installed skipping open@^0.0.5 D:\My Projects\DVP\DVP-APPRegistry
26 verbose already installed skipping stringify@^3.1.0 D:\My Projects\DVP\DVP-APPRegistry
27 verbose already installed skipping node-uuid@^1.4.3 D:\My Projects\DVP\DVP-APPRegistry
28 verbose already installed skipping restify@^3.0.2 D:\My Projects\DVP\DVP-APPRegistry
29 verbose cache add name="DVP-Common" spec="git+https://github.com/DuoSoftware/DVP-Common" args=["DVP-Common","git+https://github.com/DuoSoftware/DVP-Common"]
30 verbose parsed url { protocol: 'git+https:',
30 verbose parsed url   slashes: true,
30 verbose parsed url   auth: null,
30 verbose parsed url   host: 'github.com',
30 verbose parsed url   port: null,
30 verbose parsed url   hostname: 'github.com',
30 verbose parsed url   hash: null,
30 verbose parsed url   search: null,
30 verbose parsed url   query: null,
30 verbose parsed url   pathname: '/DuoSoftware/DVP-Common',
30 verbose parsed url   path: '/DuoSoftware/DVP-Common',
30 verbose parsed url   href: 'git+https://github.com/DuoSoftware/DVP-Common' }
31 verbose cache add name="DVP-DBModels" spec="git+https://github.com/DuoSoftware/DVP-DBModels" args=["DVP-DBModels","git+https://github.com/DuoSoftware/DVP-DBModels"]
32 verbose parsed url { protocol: 'git+https:',
32 verbose parsed url   slashes: true,
32 verbose parsed url   auth: null,
32 verbose parsed url   host: 'github.com',
32 verbose parsed url   port: null,
32 verbose parsed url   hostname: 'github.com',
32 verbose parsed url   hash: null,
32 verbose parsed url   search: null,
32 verbose parsed url   query: null,
32 verbose parsed url   pathname: '/DuoSoftware/DVP-DBModels',
32 verbose parsed url   path: '/DuoSoftware/DVP-DBModels',
32 verbose parsed url   href: 'git+https://github.com/DuoSoftware/DVP-DBModels' }
33 silly lockFile 8cbbfae0-ithub-com-DuoSoftware-DVP-Common https://github.com/DuoSoftware/DVP-Common
34 verbose lock https://github.com/DuoSoftware/DVP-Common C:\Users\Pawan\AppData\Roaming\npm-cache\8cbbfae0-ithub-com-DuoSoftware-DVP-Common.lock
35 silly lockFile 893be6d7-hub-com-DuoSoftware-DVP-DBModels https://github.com/DuoSoftware/DVP-DBModels
36 verbose lock https://github.com/DuoSoftware/DVP-DBModels C:\Users\Pawan\AppData\Roaming\npm-cache\893be6d7-hub-com-DuoSoftware-DVP-DBModels.lock
37 verbose addRemoteGit [ 'https://github.com/DuoSoftware/DVP-Common', 'master' ]
38 verbose addRemoteGit [ 'https://github.com/DuoSoftware/DVP-DBModels', 'master' ]
39 warn `git config --get remote.origin.url` returned wrong result (https://github.com/DuoSoftware/DVP-Common) undefined
39 warn `git config --get remote.origin.url` returned wrong result (https://github.com/DuoSoftware/DVP-Common) undefined
40 warn `git config --get remote.origin.url` returned wrong result (https://github.com/DuoSoftware/DVP-DBModels) undefined
40 warn `git config --get remote.origin.url` returned wrong result (https://github.com/DuoSoftware/DVP-DBModels) undefined
41 error git clone https://github.com/DuoSoftware/DVP-DBModels undefined
41 error git clone https://github.com/DuoSoftware/DVP-DBModels undefined
42 error git clone https://github.com/DuoSoftware/DVP-Common undefined
42 error git clone https://github.com/DuoSoftware/DVP-Common undefined
43 silly lockFile 893be6d7-hub-com-DuoSoftware-DVP-DBModels https://github.com/DuoSoftware/DVP-DBModels
44 silly lockFile 893be6d7-hub-com-DuoSoftware-DVP-DBModels https://github.com/DuoSoftware/DVP-DBModels
45 silly lockFile 8cbbfae0-ithub-com-DuoSoftware-DVP-Common https://github.com/DuoSoftware/DVP-Common
46 silly lockFile 8cbbfae0-ithub-com-DuoSoftware-DVP-Common https://github.com/DuoSoftware/DVP-Common
47 error not found: git
48 error Failed using git.
48 error This is most likely not a problem with npm itself.
48 error Please check if you have git installed and in your PATH.
49 error System Windows_NT 6.2.9200
50 error command "C:\\Program Files\\nodejs\\\\node.exe" "C:\\Program Files\\nodejs\\node_modules\\npm\\bin\\npm-cli.js" "install"
51 error cwd D:\My Projects\DVP\DVP-APPRegistry
52 error node -v v0.10.36
53 error npm -v 1.4.28
54 error code ENOGIT
55 verbose exit [ 1, true ]
